docs/src/easypackx/uniappx-native-android/tmx-texttovoice-s/build/intermediates/manifest_merge_blame_file/debug/processDebugManifest/manifest-merger-blame-debug-report.txt
1<?xml version="1.0" encoding="utf-8"?>
2<manifest xmlns:android="http://schemas.android.com/apk/res/android"
3    xmlns:tools="http://schemas.android.com/tools"
4    package="io.dcloud.uni_modules.xTexttovoiceS"
5    android:usesCleartextTraffic="true" >
6
7    <uses-sdk android:minSdkVersion="21" />
8
9    <meta-data
9-->src\main\AndroidManifest.xml:3:5-67
10        android:name="ScopedStorage"
10-->src\main\AndroidManifest.xml:3:16-44
11        android:value="true" />
11-->src\main\AndroidManifest.xml:3:45-65
12
13    <uses-permission android:name="android.permission.INTERNET" />
13-->src\main\AndroidManifest.xml:4:5-66
13-->src\main\AndroidManifest.xml:4:22-64
14    <uses-permission android:name="android.permission.ACCESSIBILITY_SERVICE" />
14-->src\main\AndroidManifest.xml:5:5-79
14-->src\main\AndroidManifest.xml:5:22-77
15    <!-- 音频音量设置 -->
16    <uses-permission android:name="android.permission.MODIFY_AUDIO_SETTINGS" />
16-->src\main\AndroidManifest.xml:7:5-79
16-->src\main\AndroidManifest.xml:7:22-77
17
18    <queries>
18-->src\main\AndroidManifest.xml:8:5-12:15
19        <intent>
19-->src\main\AndroidManifest.xml:9:9-11:18
20            <action android:name="android.intent.action.TTS_SERVICE" />
20-->src\main\AndroidManifest.xml:10:13-71
20-->src\main\AndroidManifest.xml:10:21-69
21        </intent>
22    </queries>
23
24</manifest>